<?xml version="1.0" encoding="utf-8"?><testsuites name="pytest tests"><testsuite name="pytest" errors="0" failures="1" skipped="0" tests="57" time="11.044" timestamp="2026-05-12T09:05:49.682189+00:00" hostname="agent-env-a755ed4f-b920-423e-a84f-f9c59ee13593"><testcase classname="tests.test_iteration5.TestProtobufDecoder" name="test_pb2_file_exists" time="0.000" /><testcase classname="tests.test_iteration5.TestProtobufDecoder" name="test_has_pb2_imported" time="0.012" /><testcase classname="tests.test_iteration5.TestProtobufDecoder" name="test_decode_empty_frame" time="0.000" /><testcase classname="tests.test_iteration5.TestProtobufDecoder" name="test_decode_garbage" time="0.000" /><testcase classname="tests.test_iteration5.TestProtobufDecoder" name="test_decode_valid_ltpc_frame" time="0.000" /><testcase classname="tests.test_iteration5.TestProtobufDecoder" name="test_decode_unknown_instrument_key_passthrough" time="0.000" /><testcase classname="tests.test_iteration5.TestCandlesEndpoint" name="test_default_count_60" time="0.329" /><testcase classname="tests.test_iteration5.TestCandlesEndpoint" name="test_custom_count" time="0.112" /><testcase classname="tests.test_iteration5.TestCandlesEndpoint" name="test_count_clamped_low" time="0.111" /><testcase classname="tests.test_iteration5.TestCandlesEndpoint" name="test_count_clamped_high" time="0.113" /><testcase classname="tests.test_iteration5.TestCandlesEndpoint" name="test_intervals[1minute]" time="0.094" /><testcase classname="tests.test_iteration5.TestCandlesEndpoint" name="test_intervals[5minute]" time="0.084" /><testcase classname="tests.test_iteration5.TestCandlesEndpoint" name="test_intervals[15minute]" time="0.100" /><testcase classname="tests.test_iteration5.TestCandlesEndpoint" name="test_intervals[30minute]" time="0.115" /><testcase classname="tests.test_iteration5.TestCandlesEndpoint" name="test_intervals[day]" time="0.099" /><testcase classname="tests.test_iteration5.TestCandlesEndpoint" name="test_intervals[week]" time="0.086" /><testcase classname="tests.test_iteration5.TestCandlesEndpoint" name="test_intervals[month]" time="0.108" /><testcase classname="tests.test_iteration5.TestCandlesEndpoint" name="test_options_symbol" time="0.102" /><testcase classname="tests.test_iteration5.TestRegression" name="test_indices" time="0.117" /><testcase classname="tests.test_iteration5.TestRegression" name="test_watchlist" time="0.080" /><testcase classname="tests.test_iteration5.TestRegression" name="test_fno" time="0.123" /><testcase classname="tests.test_iteration5.TestRegression" name="test_option_chain" time="0.096" /><testcase classname="tests.test_iteration5.TestRegression" name="test_login_init" time="0.084" /><testcase classname="tests.test_iteration5.TestRegression" name="test_full_order_flow" time="0.364" /><testcase classname="tests.test_iteration5.TestRegression" name="test_portfolio" time="0.162" /><testcase classname="tests.test_iteration4" name="test_upstox_real_has_protobuf_scaffolding" time="0.001"><failure message="AssertionError: HAS_PB2 must be False with no pb2 file present&#10;assert True is False&#10; +  where True = &lt;module 'upstox_real' from '/app/backend/upstox_real.py'&gt;.HAS_PB2">tests/test_iteration4.py:32: in test_upstox_real_has_protobuf_scaffolding
    assert mod.HAS_PB2 is False, "HAS_PB2 must be False with no pb2 file present"
E   AssertionError: HAS_PB2 must be False with no pb2 file present
E   assert True is False
E    +  where True = &lt;module 'upstox_real' from '/app/backend/upstox_real.py'&gt;.HAS_PB2</failure></testcase><testcase classname="tests.test_iteration4" name="test_decode_feed_frame_no_pb2_returns_empty" time="0.001" /><testcase classname="tests.test_iteration4" name="test_get_instrument_key_mapping" time="0.000" /><testcase classname="tests.test_iteration4" name="test_ws_subscribe_with_access_token_ignored_in_mock" time="0.814" /><testcase classname="tests.test_iteration4" name="test_ws_tick_cadence_under_one_second" time="3.741" /><testcase classname="tests.test_trading_api" name="test_login_init" time="0.147" /><testcase classname="tests.test_trading_api" name="test_callback_missing_code" time="0.122" /><testcase classname="tests.test_trading_api" name="test_me_without_token" time="0.086" /><testcase classname="tests.test_trading_api" name="test_me_invalid_token" time="0.116" /><testcase classname="tests.test_trading_api" name="test_me_with_token" time="0.160" /><testcase classname="tests.test_trading_api" name="test_indices" time="0.090" /><testcase classname="tests.test_trading_api" name="test_watchlist" time="0.080" /><testcase classname="tests.test_trading_api" name="test_option_chain" time="0.080" /><testcase classname="tests.test_trading_api" name="test_fno_all" time="0.098" /><testcase classname="tests.test_trading_api" name="test_fno_filter_fut" time="0.075" /><testcase classname="tests.test_trading_api" name="test_fno_filter_ce" time="0.125" /><testcase classname="tests.test_trading_api" name="test_fno_filter_pe" time="0.223" /><testcase classname="tests.test_trading_api" name="test_place_order_fno_fut" time="0.123" /><testcase classname="tests.test_trading_api" name="test_place_order_fno_option" time="0.094" /><testcase classname="tests.test_trading_api" name="test_place_order_no_auth" time="0.114" /><testcase classname="tests.test_trading_api" name="test_place_and_list_and_cancel" time="0.395" /><testcase classname="tests.test_trading_api" name="test_cancel_unknown_order" time="0.114" /><testcase classname="tests.test_trading_api" name="test_portfolio_no_auth" time="0.079" /><testcase classname="tests.test_trading_api" name="test_portfolio" time="0.092" /><testcase classname="tests.test_websocket_and_real" name="test_ws_hello_message" time="0.190" /><testcase classname="tests.test_websocket_and_real" name="test_ws_subscribe_and_receive_ticks" time="0.825" /><testcase classname="tests.test_websocket_and_real" name="test_ws_unsubscribe" time="0.124" /><testcase classname="tests.test_websocket_and_real" name="test_ws_disconnect_no_crash" time="0.231" /><testcase classname="tests.test_websocket_and_real" name="test_upstox_real_module_exists_and_functions" time="0.000" /><testcase classname="tests.test_websocket_and_real" name="test_upstox_is_configured_returns_false_with_placeholders" time="0.000" /><testcase classname="tests.test_websocket_and_real" name="test_env_has_upstox_placeholders" time="0.000" /><testcase classname="tests.test_websocket_and_real" name="test_login_init_returns_mock_url" time="0.076" /></testsuite></testsuites>