<?xml version="1.0" encoding="utf-8"?><testsuites name="pytest tests"><testsuite name="pytest" errors="0" failures="0" skipped="0" tests="8" time="1.973" timestamp="2026-05-12T08:16:03.851826+00:00" hostname="agent-env-a755ed4f-b920-423e-a84f-f9c59ee13593"><testcase classname="backend.tests.test_websocket_and_real" name="test_ws_hello_message" time="0.549" /><testcase classname="backend.tests.test_websocket_and_real" name="test_ws_subscribe_and_receive_ticks" time="0.829" /><testcase classname="backend.tests.test_websocket_and_real" name="test_ws_unsubscribe" time="0.137" /><testcase classname="backend.tests.test_websocket_and_real" name="test_ws_disconnect_no_crash" time="0.282" /><testcase classname="backend.tests.test_websocket_and_real" name="test_upstox_real_module_exists_and_functions" time="0.050" /><testcase classname="backend.tests.test_websocket_and_real" name="test_upstox_is_configured_returns_false_with_placeholders" time="0.000" /><testcase classname="backend.tests.test_websocket_and_real" name="test_env_has_upstox_placeholders" time="0.000" /><testcase classname="backend.tests.test_websocket_and_real" name="test_login_init_returns_mock_url" time="0.101" /></testsuite></testsuites>