<?xml version="1.0" encoding="utf-8"?><testsuites name="pytest tests"><testsuite name="pytest" errors="0" failures="0" skipped="0" tests="19" time="2.808" timestamp="2026-05-12T08:15:23.514684+00:00" hostname="agent-env-a755ed4f-b920-423e-a84f-f9c59ee13593"><testcase classname="backend.tests.test_trading_api" name="test_login_init" time="0.157" /><testcase classname="backend.tests.test_trading_api" name="test_callback_missing_code" time="0.142" /><testcase classname="backend.tests.test_trading_api" name="test_me_without_token" time="0.117" /><testcase classname="backend.tests.test_trading_api" name="test_me_invalid_token" time="0.122" /><testcase classname="backend.tests.test_trading_api" name="test_me_with_token" time="0.209" /><testcase classname="backend.tests.test_trading_api" name="test_indices" time="0.106" /><testcase classname="backend.tests.test_trading_api" name="test_watchlist" time="0.162" /><testcase classname="backend.tests.test_trading_api" name="test_option_chain" time="0.133" /><testcase classname="backend.tests.test_trading_api" name="test_fno_all" time="0.114" /><testcase classname="backend.tests.test_trading_api" name="test_fno_filter_fut" time="0.138" /><testcase classname="backend.tests.test_trading_api" name="test_fno_filter_ce" time="0.124" /><testcase classname="backend.tests.test_trading_api" name="test_fno_filter_pe" time="0.121" /><testcase classname="backend.tests.test_trading_api" name="test_place_order_fno_fut" time="0.131" /><testcase classname="backend.tests.test_trading_api" name="test_place_order_fno_option" time="0.081" /><testcase classname="backend.tests.test_trading_api" name="test_place_order_no_auth" time="0.127" /><testcase classname="backend.tests.test_trading_api" name="test_place_and_list_and_cancel" time="0.446" /><testcase classname="backend.tests.test_trading_api" name="test_cancel_unknown_order" time="0.087" /><testcase classname="backend.tests.test_trading_api" name="test_portfolio_no_auth" time="0.092" /><testcase classname="backend.tests.test_trading_api" name="test_portfolio" time="0.128" /></testsuite></testsuites>