<?xml version="1.0" encoding="utf-8"?><testsuites name="pytest tests"><testsuite name="pytest" errors="0" failures="0" skipped="0" tests="13" time="2.698" timestamp="2026-05-12T06:42:17.045103+00:00" hostname="agent-env-a755ed4f-b920-423e-a84f-f9c59ee13593"><testcase classname="test_trading_api" name="test_login_init" time="0.587" /><testcase classname="test_trading_api" name="test_callback_missing_code" time="0.523" /><testcase classname="test_trading_api" name="test_me_without_token" time="0.106" /><testcase classname="test_trading_api" name="test_me_invalid_token" time="0.124" /><testcase classname="test_trading_api" name="test_me_with_token" time="0.178" /><testcase classname="test_trading_api" name="test_indices" time="0.110" /><testcase classname="test_trading_api" name="test_watchlist" time="0.124" /><testcase classname="test_trading_api" name="test_option_chain" time="0.117" /><testcase classname="test_trading_api" name="test_place_order_no_auth" time="0.082" /><testcase classname="test_trading_api" name="test_place_and_list_and_cancel" time="0.377" /><testcase classname="test_trading_api" name="test_cancel_unknown_order" time="0.115" /><testcase classname="test_trading_api" name="test_portfolio_no_auth" time="0.080" /><testcase classname="test_trading_api" name="test_portfolio" time="0.100" /></testsuite></testsuites>