<?xml version="1.0" encoding="utf-8"?><testsuites name="pytest tests"><testsuite name="pytest" errors="0" failures="0" skipped="0" tests="32" time="8.800" timestamp="2026-05-12T08:44:09.493720+00:00" hostname="agent-env-a755ed4f-b920-423e-a84f-f9c59ee13593"><testcase classname="tests.test_iteration4" name="test_upstox_real_has_protobuf_scaffolding" time="0.001" /><testcase classname="tests.test_iteration4" name="test_decode_feed_frame_no_pb2_returns_empty" time="0.001" /><testcase classname="tests.test_iteration4" name="test_get_instrument_key_mapping" time="0.000" /><testcase classname="tests.test_iteration4" name="test_ws_subscribe_with_access_token_ignored_in_mock" time="1.095" /><testcase classname="tests.test_iteration4" name="test_ws_tick_cadence_under_one_second" time="3.624" /><testcase classname="tests.test_trading_api" name="test_login_init" time="0.130" /><testcase classname="tests.test_trading_api" name="test_callback_missing_code" time="0.104" /><testcase classname="tests.test_trading_api" name="test_me_without_token" time="0.107" /><testcase classname="tests.test_trading_api" name="test_me_invalid_token" time="0.144" /><testcase classname="tests.test_trading_api" name="test_me_with_token" time="0.240" /><testcase classname="tests.test_trading_api" name="test_indices" time="0.130" /><testcase classname="tests.test_trading_api" name="test_watchlist" time="0.089" /><testcase classname="tests.test_trading_api" name="test_option_chain" time="0.095" /><testcase classname="tests.test_trading_api" name="test_fno_all" time="0.084" /><testcase classname="tests.test_trading_api" name="test_fno_filter_fut" time="0.134" /><testcase classname="tests.test_trading_api" name="test_fno_filter_ce" time="0.100" /><testcase classname="tests.test_trading_api" name="test_fno_filter_pe" time="0.094" /><testcase classname="tests.test_trading_api" name="test_place_order_fno_fut" time="0.090" /><testcase classname="tests.test_trading_api" name="test_place_order_fno_option" time="0.088" /><testcase classname="tests.test_trading_api" name="test_place_order_no_auth" time="0.075" /><testcase classname="tests.test_trading_api" name="test_place_and_list_and_cancel" time="0.421" /><testcase classname="tests.test_trading_api" name="test_cancel_unknown_order" time="0.091" /><testcase classname="tests.test_trading_api" name="test_portfolio_no_auth" time="0.092" /><testcase classname="tests.test_trading_api" name="test_portfolio" time="0.087" /><testcase classname="tests.test_websocket_and_real" name="test_ws_hello_message" time="0.110" /><testcase classname="tests.test_websocket_and_real" name="test_ws_subscribe_and_receive_ticks" time="0.833" /><testcase classname="tests.test_websocket_and_real" name="test_ws_unsubscribe" time="0.118" /><testcase classname="tests.test_websocket_and_real" name="test_ws_disconnect_no_crash" time="0.271" /><testcase classname="tests.test_websocket_and_real" name="test_upstox_real_module_exists_and_functions" time="0.001" /><testcase classname="tests.test_websocket_and_real" name="test_upstox_is_configured_returns_false_with_placeholders" time="0.000" /><testcase classname="tests.test_websocket_and_real" name="test_env_has_upstox_placeholders" time="0.000" /><testcase classname="tests.test_websocket_and_real" name="test_login_init_returns_mock_url" time="0.271" /></testsuite></testsuites>